{"C:\\Users\\USHODAYA\\Desktop\\GPP\\Incremental-export-system\\src\\routes\\exports.ts": {"path":"C:\\Users\\USHODAYA\\Desktop\\GPP\\Incremental-export-system\\src\\routes\\exports.ts","statementMap":{"0":{"start":{"line":6,"column":0},"end":{"line":6,"column":7}},"1":{"start":{"line":2,"column":0},"end":{"line":2,"column":58}},"2":{"start":{"line":3,"column":0},"end":{"line":3,"column":64}},"3":{"start":{"line":7,"column":26},"end":{"line":7,"column":52}},"4":{"start":{"line":8,"column":29},"end":{"line":8,"column":58}},"5":{"start":{"line":10,"column":26},"end":{"line":16,"column":5}},"6":{"start":{"line":11,"column":27},"end":{"line":11,"column":69}},"7":{"start":{"line":12,"column":8},"end":{"line":14,"column":9}},"8":{"start":{"line":13,"column":12},"end":{"line":13,"column":64}},"9":{"start":{"line":15,"column":8},"end":{"line":15,"column":26}},"10":{"start":{"line":18,"column":4},"end":{"line":26,"column":7}},"11":{"start":{"line":19,"column":8},"end":{"line":25,"column":9}},"12":{"start":{"line":20,"column":31},"end":{"line":20,"column":53}},"13":{"start":{"line":21,"column":24},"end":{"line":21,"column":75}},"14":{"start":{"line":22,"column":12},"end":{"line":22,"column":45}},"15":{"start":{"line":24,"column":12},"end":{"line":24,"column":64}},"16":{"start":{"line":28,"column":4},"end":{"line":36,"column":7}},"17":{"start":{"line":29,"column":8},"end":{"line":35,"column":9}},"18":{"start":{"line":30,"column":31},"end":{"line":30,"column":53}},"19":{"start":{"line":31,"column":24},"end":{"line":31,"column":82}},"20":{"start":{"line":32,"column":12},"end":{"line":32,"column":45}},"21":{"start":{"line":34,"column":12},"end":{"line":34,"column":64}},"22":{"start":{"line":38,"column":4},"end":{"line":46,"column":7}},"23":{"start":{"line":39,"column":8},"end":{"line":45,"column":9}},"24":{"start":{"line":40,"column":31},"end":{"line":40,"column":53}},"25":{"start":{"line":41,"column":24},"end":{"line":41,"column":76}},"26":{"start":{"line":42,"column":12},"end":{"line":42,"column":45}},"27":{"start":{"line":44,"column":12},"end":{"line":44,"column":64}},"28":{"start":{"line":48,"column":4},"end":{"line":64,"column":7}},"29":{"start":{"line":49,"column":8},"end":{"line":63,"column":9}},"30":{"start":{"line":50,"column":31},"end":{"line":50,"column":53}},"31":{"start":{"line":51,"column":30},"end":{"line":51,"column":77}},"32":{"start":{"line":53,"column":12},"end":{"line":55,"column":13}},"33":{"start":{"line":54,"column":16},"end":{"line":54,"column":91}},"34":{"start":{"line":57,"column":12},"end":{"line":60,"column":14}},"35":{"start":{"line":62,"column":12},"end":{"line":62,"column":64}}},"fnMap":{"0":{"name":"exportRoutes","decl":{"start":{"line":6,"column":22},"end":{"line":6,"column":34}},"loc":{"start":{"line":6,"column":59},"end":{"line":65,"column":1}}},"1":{"name":"(anonymous_1)","decl":{"start":{"line":10,"column":26},"end":{"line":10,"column":27}},"loc":{"start":{"line":10,"column":43},"end":{"line":16,"column":5}}},"2":{"name":"(anonymous_2)","decl":{"start":{"line":18,"column":34},"end":{"line":18,"column":39}},"loc":{"start":{"line":18,"column":59},"end":{"line":26,"column":5}}},"3":{"name":"(anonymous_3)","decl":{"start":{"line":28,"column":41},"end":{"line":28,"column":46}},"loc":{"start":{"line":28,"column":66},"end":{"line":36,"column":5}}},"4":{"name":"(anonymous_4)","decl":{"start":{"line":38,"column":35},"end":{"line":38,"column":40}},"loc":{"start":{"line":38,"column":60},"end":{"line":46,"column":5}}},"5":{"name":"(anonymous_5)","decl":{"start":{"line":48,"column":38},"end":{"line":48,"column":43}},"loc":{"start":{"line":48,"column":63},"end":{"line":64,"column":5}}}},"branchMap":{"0":{"loc":{"start":{"line":12,"column":8},"end":{"line":14,"column":9}},"type":"if","locations":[{"start":{"line":12,"column":8},"end":{"line":14,"column":9}},{"start":{},"end":{}}]},"1":{"loc":{"start":{"line":53,"column":12},"end":{"line":55,"column":13}},"type":"if","locations":[{"start":{"line":53,"column":12},"end":{"line":55,"column":13}},{"start":{},"end":{}}]}},"s":{"0":1,"1":1,"2":1,"3":7,"4":7,"5":7,"6":6,"7":6,"8":1,"9":5,"10":7,"11":2,"12":2,"13":1,"14":1,"15":1,"16":7,"17":1,"18":1,"19":1,"20":1,"21":0,"22":7,"23":1,"24":1,"25":1,"26":1,"27":0,"28":7,"29":2,"30":2,"31":2,"32":2,"33":1,"34":1,"35":0},"f":{"0":7,"1":6,"2":2,"3":1,"4":1,"5":2},"b":{"0":[1,5],"1":[1,1]}}
,"C:\\Users\\USHODAYA\\Desktop\\GPP\\Incremental-export-system\\src\\routes\\health.ts": {"path":"C:\\Users\\USHODAYA\\Desktop\\GPP\\Incremental-export-system\\src\\routes\\health.ts","statementMap":{"0":{"start":{"line":3,"column":0},"end":{"line":3,"column":7}},"1":{"start":{"line":4,"column":4},"end":{"line":9,"column":7}},"2":{"start":{"line":5,"column":8},"end":{"line":8,"column":10}}},"fnMap":{"0":{"name":"healthRoutes","decl":{"start":{"line":3,"column":22},"end":{"line":3,"column":34}},"loc":{"start":{"line":3,"column":59},"end":{"line":10,"column":1}}},"1":{"name":"(anonymous_1)","decl":{"start":{"line":4,"column":27},"end":{"line":4,"column":32}},"loc":{"start":{"line":4,"column":52},"end":{"line":9,"column":5}}}},"branchMap":{},"s":{"0":1,"1":7,"2":1},"f":{"0":7,"1":1},"b":{}}
,"C:\\Users\\USHODAYA\\Desktop\\GPP\\Incremental-export-system\\src\\services\\exportService.ts": {"path":"C:\\Users\\USHODAYA\\Desktop\\GPP\\Incremental-export-system\\src\\services\\exportService.ts","statementMap":{"0":{"start":{"line":2,"column":0},"end":{"line":2,"column":36}},"1":{"start":{"line":3,"column":0},"end":{"line":3,"column":42}},"2":{"start":{"line":4,"column":0},"end":{"line":4,"column":25}},"3":{"start":{"line":5,"column":0},"end":{"line":5,"column":29}},"4":{"start":{"line":7,"column":0},"end":{"line":7,"column":54}},"5":{"start":{"line":13,"column":24},"end":{"line":13,"column":48}},"6":{"start":{"line":11,"column":12},"end":{"line":11,"column":59}},"7":{"start":{"line":14,"column":8},"end":{"line":14,"column":62}},"8":{"start":{"line":15,"column":8},"end":{"line":17,"column":9}},"9":{"start":{"line":16,"column":12},"end":{"line":16,"column":62}},"10":{"start":{"line":21,"column":22},"end":{"line":21,"column":30}},"11":{"start":{"line":22,"column":26},"end":{"line":22,"column":36}},"12":{"start":{"line":23,"column":31},"end":{"line":23,"column":77}},"13":{"start":{"line":24,"column":25},"end":{"line":24,"column":66}},"14":{"start":{"line":26,"column":31},"end":{"line":31,"column":10}},"15":{"start":{"line":33,"column":8},"end":{"line":35,"column":11}},"16":{"start":{"line":34,"column":12},"end":{"line":34,"column":74}},"17":{"start":{"line":37,"column":8},"end":{"line":37,"column":19}},"18":{"start":{"line":41,"column":26},"end":{"line":41,"column":36}},"19":{"start":{"line":42,"column":8},"end":{"line":42,"column":114}},"20":{"start":{"line":44,"column":8},"end":{"line":99,"column":9}},"21":{"start":{"line":45,"column":30},"end":{"line":45,"column":82}},"22":{"start":{"line":46,"column":35},"end":{"line":46,"column":87}},"23":{"start":{"line":48,"column":24},"end":{"line":48,"column":26}},"24":{"start":{"line":49,"column":32},"end":{"line":49,"column":34}},"25":{"start":{"line":51,"column":12},"end":{"line":70,"column":13}},"26":{"start":{"line":52,"column":16},"end":{"line":52,"column":95}},"27":{"start":{"line":53,"column":19},"end":{"line":70,"column":13}},"28":{"start":{"line":54,"column":16},"end":{"line":54,"column":115}},"29":{"start":{"line":55,"column":16},"end":{"line":55,"column":42}},"30":{"start":{"line":56,"column":19},"end":{"line":70,"column":13}},"31":{"start":{"line":57,"column":16},"end":{"line":68,"column":18}},"32":{"start":{"line":69,"column":16},"end":{"line":69,"column":42}},"33":{"start":{"line":72,"column":29},"end":{"line":72,"column":71}},"34":{"start":{"line":74,"column":12},"end":{"line":81,"column":13}},"35":{"start":{"line":75,"column":16},"end":{"line":75,"column":66}},"36":{"start":{"line":76,"column":16},"end":{"line":76,"column":41}},"37":{"start":{"line":77,"column":16},"end":{"line":77,"column":37}},"38":{"start":{"line":78,"column":16},"end":{"line":78,"column":54}},"39":{"start":{"line":79,"column":16},"end":{"line":79,"column":137}},"40":{"start":{"line":80,"column":16},"end":{"line":80,"column":23}},"41":{"start":{"line":83,"column":12},"end":{"line":83,"column":64}},"42":{"start":{"line":85,"column":33},"end":{"line":85,"column":65}},"43":{"start":{"line":86,"column":12},"end":{"line":86,"column":82}},"44":{"start":{"line":88,"column":12},"end":{"line":88,"column":37}},"45":{"start":{"line":89,"column":12},"end":{"line":89,"column":43}},"46":{"start":{"line":90,"column":12},"end":{"line":90,"column":50}},"47":{"start":{"line":92,"column":12},"end":{"line":92,"column":136}},"48":{"start":{"line":95,"column":12},"end":{"line":95,"column":34}},"49":{"start":{"line":96,"column":12},"end":{"line":96,"column":36}},"50":{"start":{"line":97,"column":12},"end":{"line":97,"column":98}},"51":{"start":{"line":98,"column":12},"end":{"line":98,"column":22}},"52":{"start":{"line":103,"column":8},"end":{"line":118,"column":11}},"53":{"start":{"line":104,"column":35},"end":{"line":104,"column":65}},"54":{"start":{"line":105,"column":32},"end":{"line":105,"column":59}},"55":{"start":{"line":107,"column":12},"end":{"line":107,"column":58}},"56":{"start":{"line":107,"column":45},"end":{"line":107,"column":56}},"57":{"start":{"line":108,"column":12},"end":{"line":108,"column":61}},"58":{"start":{"line":108,"column":48},"end":{"line":108,"column":59}},"59":{"start":{"line":109,"column":12},"end":{"line":109,"column":57}},"60":{"start":{"line":109,"column":46},"end":{"line":109,"column":55}},"61":{"start":{"line":111,"column":12},"end":{"line":111,"column":45}},"62":{"start":{"line":113,"column":12},"end":{"line":115,"column":13}},"63":{"start":{"line":114,"column":16},"end":{"line":114,"column":39}},"64":{"start":{"line":117,"column":12},"end":{"line":117,"column":30}},"65":{"start":{"line":9,"column":0},"end":{"line":9,"column":13}}},"fnMap":{"0":{"name":"(anonymous_9)","decl":{"start":{"line":13,"column":4},"end":{"line":13,"column":24}},"loc":{"start":{"line":13,"column":48},"end":{"line":18,"column":5}}},"1":{"name":"(anonymous_10)","decl":{"start":{"line":20,"column":4},"end":{"line":20,"column":9}},"loc":{"start":{"line":20,"column":64},"end":{"line":38,"column":5}}},"2":{"name":"(anonymous_11)","decl":{"start":{"line":33,"column":60},"end":{"line":33,"column":63}},"loc":{"start":{"line":33,"column":66},"end":{"line":35,"column":9}}},"3":{"name":"(anonymous_12)","decl":{"start":{"line":40,"column":12},"end":{"line":40,"column":17}},"loc":{"start":{"line":40,"column":84},"end":{"line":100,"column":5}}},"4":{"name":"(anonymous_13)","decl":{"start":{"line":102,"column":12},"end":{"line":102,"column":17}},"loc":{"start":{"line":102,"column":80},"end":{"line":119,"column":5}}},"5":{"name":"(anonymous_14)","decl":{"start":{"line":103,"column":27},"end":{"line":103,"column":28}},"loc":{"start":{"line":103,"column":47},"end":{"line":118,"column":9}}},"6":{"name":"(anonymous_15)","decl":{"start":{"line":107,"column":36},"end":{"line":107,"column":37}},"loc":{"start":{"line":107,"column":45},"end":{"line":107,"column":56}}},"7":{"name":"(anonymous_16)","decl":{"start":{"line":108,"column":39},"end":{"line":108,"column":40}},"loc":{"start":{"line":108,"column":48},"end":{"line":108,"column":59}}},"8":{"name":"(anonymous_17)","decl":{"start":{"line":109,"column":40},"end":{"line":109,"column":43}},"loc":{"start":{"line":109,"column":46},"end":{"line":109,"column":55}}}},"branchMap":{"0":{"loc":{"start":{"line":15,"column":8},"end":{"line":17,"column":9}},"type":"if","locations":[{"start":{"line":15,"column":8},"end":{"line":17,"column":9}},{"start":{},"end":{}}]},"1":{"loc":{"start":{"line":46,"column":35},"end":{"line":46,"column":87}},"type":"cond-expr","locations":[{"start":{"line":46,"column":47},"end":{"line":46,"column":73}},{"start":{"line":46,"column":76},"end":{"line":46,"column":87}}]},"2":{"loc":{"start":{"line":51,"column":12},"end":{"line":70,"column":13}},"type":"if","locations":[{"start":{"line":51,"column":12},"end":{"line":70,"column":13}},{"start":{"line":53,"column":19},"end":{"line":70,"column":13}}]},"3":{"loc":{"start":{"line":53,"column":19},"end":{"line":70,"column":13}},"type":"if","locations":[{"start":{"line":53,"column":19},"end":{"line":70,"column":13}},{"start":{"line":56,"column":19},"end":{"line":70,"column":13}}]},"4":{"loc":{"start":{"line":56,"column":19},"end":{"line":70,"column":13}},"type":"if","locations":[{"start":{"line":56,"column":19},"end":{"line":70,"column":13}},{"start":{},"end":{}}]},"5":{"loc":{"start":{"line":74,"column":12},"end":{"line":81,"column":13}},"type":"if","locations":[{"start":{"line":74,"column":12},"end":{"line":81,"column":13}},{"start":{},"end":{}}]}},"s":{"0":1,"1":1,"2":1,"3":1,"4":1,"5":7,"6":7,"7":7,"8":7,"9":0,"10":3,"11":3,"12":3,"13":3,"14":3,"15":3,"16":0,"17":3,"18":3,"19":3,"20":3,"21":3,"22":3,"23":3,"24":3,"25":3,"26":1,"27":2,"28":1,"29":1,"30":1,"31":1,"32":1,"33":3,"34":3,"35":3,"36":0,"37":0,"38":0,"39":0,"40":0,"41":0,"42":0,"43":0,"44":0,"45":0,"46":0,"47":0,"48":0,"49":0,"50":0,"51":0,"52":3,"53":3,"54":3,"55":3,"56":0,"57":3,"58":0,"59":3,"60":0,"61":3,"62":3,"63":0,"64":3,"65":1},"f":{"0":7,"1":3,"2":0,"3":3,"4":3,"5":3,"6":0,"7":0,"8":0},"b":{"0":[0,7],"1":[2,1],"2":[1,2],"3":[1,1],"4":[1,0],"5":[3,0]}}
,"C:\\Users\\USHODAYA\\Desktop\\GPP\\Incremental-export-system\\src\\services\\watermarkService.ts": {"path":"C:\\Users\\USHODAYA\\Desktop\\GPP\\Incremental-export-system\\src\\services\\watermarkService.ts","statementMap":{"0":{"start":{"line":5,"column":24},"end":{"line":5,"column":48}},"1":{"start":{"line":8,"column":23},"end":{"line":10,"column":null}},"2":{"start":{"line":13,"column":8},"end":{"line":15,"column":9}},"3":{"start":{"line":14,"column":12},"end":{"line":14,"column":24}},"4":{"start":{"line":17,"column":8},"end":{"line":17,"column":30}},"5":{"start":{"line":21,"column":19},"end":{"line":21,"column":44}},"6":{"start":{"line":23,"column":8},"end":{"line":30,"column":10}},"7":{"start":{"line":4,"column":0},"end":{"line":4,"column":13}}},"fnMap":{"0":{"name":"(anonymous_0)","decl":{"start":{"line":5,"column":4},"end":{"line":5,"column":24}},"loc":{"start":{"line":5,"column":48},"end":{"line":5,"column":52}}},"1":{"name":"(anonymous_1)","decl":{"start":{"line":7,"column":4},"end":{"line":7,"column":9}},"loc":{"start":{"line":7,"column":41},"end":{"line":18,"column":5}}},"2":{"name":"(anonymous_2)","decl":{"start":{"line":20,"column":4},"end":{"line":20,"column":9}},"loc":{"start":{"line":20,"column":80},"end":{"line":31,"column":5}}}},"branchMap":{"0":{"loc":{"start":{"line":13,"column":8},"end":{"line":15,"column":9}},"type":"if","locations":[{"start":{"line":13,"column":8},"end":{"line":15,"column":9}},{"start":{},"end":{}}]},"1":{"loc":{"start":{"line":21,"column":19},"end":{"line":21,"column":44}},"type":"binary-expr","locations":[{"start":{"line":21,"column":19},"end":{"line":21,"column":25}},{"start":{"line":21,"column":29},"end":{"line":21,"column":44}}]}},"s":{"0":14,"1":5,"2":5,"3":2,"4":3,"5":0,"6":0,"7":1},"f":{"0":14,"1":5,"2":0},"b":{"0":[2,3],"1":[0,0]}}
}
