TN:
SF:src\routes\exports.ts
FN:6,exportRoutes
FN:10,(anonymous_1)
FN:18,(anonymous_2)
FN:28,(anonymous_3)
FN:38,(anonymous_4)
FN:48,(anonymous_5)
FNF:6
FNH:6
FNDA:7,exportRoutes
FNDA:6,(anonymous_1)
FNDA:2,(anonymous_2)
FNDA:1,(anonymous_3)
FNDA:1,(anonymous_4)
FNDA:2,(anonymous_5)
DA:2,1
DA:3,1
DA:6,1
DA:7,7
DA:8,7
DA:10,7
DA:11,6
DA:12,6
DA:13,1
DA:15,5
DA:18,7
DA:19,2
DA:20,2
DA:21,1
DA:22,1
DA:24,1
DA:28,7
DA:29,1
DA:30,1
DA:31,1
DA:32,1
DA:34,0
DA:38,7
DA:39,1
DA:40,1
DA:41,1
DA:42,1
DA:44,0
DA:48,7
DA:49,2
DA:50,2
DA:51,2
DA:53,2
DA:54,1
DA:57,1
DA:62,0
LF:36
LH:33
BRDA:12,0,0,1
BRDA:12,0,1,5
BRDA:53,1,0,1
BRDA:53,1,1,1
BRF:4
BRH:4
end_of_record
TN:
SF:src\routes\health.ts
FN:3,healthRoutes
FN:4,(anonymous_1)
FNF:2
FNH:2
FNDA:7,healthRoutes
FNDA:1,(anonymous_1)
DA:3,1
DA:4,7
DA:5,1
LF:3
LH:3
BRF:0
BRH:0
end_of_record
TN:
SF:src\services\exportService.ts
FN:13,(anonymous_9)
FN:20,(anonymous_10)
FN:33,(anonymous_11)
FN:40,(anonymous_12)
FN:102,(anonymous_13)
FN:103,(anonymous_14)
FN:107,(anonymous_15)
FN:108,(anonymous_16)
FN:109,(anonymous_17)
FNF:9
FNH:5
FNDA:7,(anonymous_9)
FNDA:3,(anonymous_10)
FNDA:0,(anonymous_11)
FNDA:3,(anonymous_12)
FNDA:3,(anonymous_13)
FNDA:3,(anonymous_14)
FNDA:0,(anonymous_15)
FNDA:0,(anonymous_16)
FNDA:0,(anonymous_17)
DA:2,1
DA:3,1
DA:4,1
DA:5,1
DA:7,1
DA:9,1
DA:11,7
DA:13,7
DA:14,7
DA:15,7
DA:16,0
DA:21,3
DA:22,3
DA:23,3
DA:24,3
DA:26,3
DA:33,3
DA:34,0
DA:37,3
DA:41,3
DA:42,3
DA:44,3
DA:45,3
DA:46,3
DA:48,3
DA:49,3
DA:51,3
DA:52,1
DA:53,2
DA:54,1
DA:55,1
DA:56,1
DA:57,1
DA:69,1
DA:72,3
DA:74,3
DA:75,3
DA:76,0
DA:77,0
DA:78,0
DA:79,0
DA:80,0
DA:83,0
DA:85,0
DA:86,0
DA:88,0
DA:89,0
DA:90,0
DA:92,0
DA:95,0
DA:96,0
DA:97,0
DA:98,0
DA:103,3
DA:104,3
DA:105,3
DA:107,3
DA:108,3
DA:109,3
DA:111,3
DA:113,3
DA:114,0
DA:117,3
LF:63
LH:44
BRDA:15,0,0,0
BRDA:15,0,1,7
BRDA:46,1,0,2
BRDA:46,1,1,1
BRDA:51,2,0,1
BRDA:51,2,1,2
BRDA:53,3,0,1
BRDA:53,3,1,1
BRDA:56,4,0,1
BRDA:56,4,1,0
BRDA:74,5,0,3
BRDA:74,5,1,0
BRF:12
BRH:9
end_of_record
TN:
SF:src\services\watermarkService.ts
FN:5,(anonymous_0)
FN:7,(anonymous_1)
FN:20,(anonymous_2)
FNF:3
FNH:2
FNDA:14,(anonymous_0)
FNDA:5,(anonymous_1)
FNDA:0,(anonymous_2)
DA:4,1
DA:5,14
DA:8,5
DA:13,5
DA:14,2
DA:17,3
DA:21,0
DA:23,0
LF:8
LH:6
BRDA:13,0,0,2
BRDA:13,0,1,3
BRDA:21,1,0,0
BRDA:21,1,1,0
BRF:4
BRH:2
end_of_record
